<?xml version="1.0" encoding="UTF-8"?>
<testng-results skipped="0" failed="0" ignored="0" total="1" passed="1">
  <reporter-output>
  </reporter-output>
  <suite name="Default suite" duration-ms="14113" started-at="2018-10-03T21:36:59Z" finished-at="2018-10-03T21:37:13Z">
    <groups>
    </groups>
    <test name="Default test" duration-ms="14113" started-at="2018-10-03T21:36:59Z" finished-at="2018-10-03T21:37:13Z">
      <class name="demo.ScreenshotDemo">
        <test-method status="PASS" signature="OpenBrowser()[pri:0, instance:demo.ScreenshotDemo@6767c1fc]" name="OpenBrowser" is-config="true" duration-ms="6033" started-at="2018-10-03T21:36:59Z" finished-at="2018-10-03T21:37:05Z">
          <reporter-output>
          </reporter-output>
        </test-method> <!-- OpenBrowser -->
        <test-method status="PASS" signature="ScreenshotDemo()[pri:0, instance:demo.ScreenshotDemo@6767c1fc]" name="ScreenshotDemo" duration-ms="7987" started-at="2018-10-03T21:37:05Z" finished-at="2018-10-03T21:37:13Z">
          <reporter-output>
          </reporter-output>
        </test-method> <!-- ScreenshotDemo -->
        <test-method status="PASS" signature="closeBrowser()[pri:0, instance:demo.ScreenshotDemo@6767c1fc]" name="closeBrowser" is-config="true" duration-ms="59" started-at="2018-10-03T21:37:13Z" finished-at="2018-10-03T21:37:13Z">
          <reporter-output>
          </reporter-output>
        </test-method> <!-- closeBrowser -->
      </class> <!-- demo.ScreenshotDemo -->
    </test> <!-- Default test -->
  </suite> <!-- Default suite -->
</testng-results>
