<?xml version="1.0" encoding="UTF-8"?>
<testng-results skipped="0" failed="0" ignored="0" total="0" passed="0">
  <reporter-output>
  </reporter-output>
  <suite name="Jenkins by packages" duration-ms="7" started-at="2018-11-20T20:00:58Z" finished-at="2018-11-20T20:00:58Z">
    <groups>
    </groups>
    <test name="jenkindemo" duration-ms="7" started-at="2018-11-20T20:00:58Z" finished-at="2018-11-20T20:00:58Z">
    </test> <!-- jenkindemo -->
  </suite> <!-- Jenkins by packages -->
</testng-results>
