<?xml version="1.0" encoding="UTF-8"?>
<!-- Generated by org.testng.reporters.JUnitXMLReporter -->
<testsuite hostname="LAPTOP-UOPT8SS9" ignored="0" name="chrome Test" tests="5" failures="0" timestamp="01 Oct 2018 23:42:20 GMT" time="6.93" errors="0">
  <testcase name="VerifyText" time="0.03" classname="demo.Multiplefunctiondemo"/>
  <testcase name="Password" time="0.037" classname="demo.Multiplefunctiondemo"/>
  <testcase name="Serach" time="0.031" classname="demo.Multiplefunctiondemo"/>
  <testcase name="Signin" time="0.062" classname="demo.Multiplefunctiondemo"/>
  <testcase name="CheckPass" time="0.454" classname="demo.Multiplefunctiondemo"/>
</testsuite> <!-- chrome Test -->
