<?xml version="1.0" encoding="UTF-8"?>
<!-- Generated by org.testng.reporters.JUnitXMLReporter -->
<testsuite hostname="LAPTOP-UOPT8SS9" ignored="0" name="edge Test" tests="5" failures="0" timestamp="01 Oct 2018 23:42:17 GMT" time="4.058" errors="0">
  <testcase name="VerifyText" time="0.077" classname="demo.Multiplefunctiondemo"/>
  <testcase name="Password" time="0.016" classname="demo.Multiplefunctiondemo"/>
  <testcase name="Serach" time="0.012" classname="demo.Multiplefunctiondemo"/>
  <testcase name="Signin" time="0.016" classname="demo.Multiplefunctiondemo"/>
  <testcase name="CheckPass" time="0.036" classname="demo.Multiplefunctiondemo"/>
</testsuite> <!-- edge Test -->
