<?xml version="1.0" encoding="UTF-8"?>
<!-- Generated by org.testng.reporters.JUnitXMLReporter -->
<testsuite hostname="LAPTOP-UOPT8SS9" ignored="0" name="IE Test" tests="5" failures="0" timestamp="01 Oct 2018 23:42:19 GMT" time="5.764" errors="0">
  <testcase name="VerifyText" time="0.285" classname="demo.Multiplefunctiondemo"/>
  <testcase name="Password" time="0.231" classname="demo.Multiplefunctiondemo"/>
  <testcase name="Serach" time="0.259" classname="demo.Multiplefunctiondemo"/>
  <testcase name="Signin" time="0.363" classname="demo.Multiplefunctiondemo"/>
  <testcase name="CheckPass" time="0.899" classname="demo.Multiplefunctiondemo"/>
</testsuite> <!-- IE Test -->
